******************* GDI DUMP => Date : Mon Apr 28 10:05:53 2025

No ST-Link device detected.
Please connect it and then retry.
**** End of GDI DUMP ****
******************* GDI DUMP => Date : Mon Apr 28 10:06:44 2025

ST-Link is not in the DFU mode.
Please restart it.
**** End of GDI DUMP ****
******************* GDI DUMP => Date : Mon Apr 28 10:06:47 2025

ST-Link is not in the DFU mode.
Please restart it.
**** End of GDI DUMP ****
******************* GDI DUMP => Date : Mon Apr 28 10:06:53 2025

ST-Link is not in the DFU mode.
Please restart it.
**** End of GDI DUMP ****
******************* GDI DUMP => Date : Mon Apr 28 10:06:57 2025

ST-Link is not in the DFU mode.
Please restart it.
**** End of GDI DUMP ****
******************* GDI DUMP => Date : Mon Apr 28 10:17:38 2025

ST-Link is not in the DFU mode.
Please restart it.
**** End of GDI DUMP ****
