2025-06-02 09:36:41,399 [INFO] WebApp:194 - Connection lost
2025-06-02 09:38:59,836 [INFO] WebApp:191 - Connection restablished
2025-06-02 09:39:00,942 [INFO] WebApp:194 - Connection lost
2025-06-02 09:39:01,078 [INFO] WebApp:191 - Connection restablished
2025-06-02 10:32:36,573 [INFO] MainUpdater:2872 - connection check result : 10
2025-06-02 10:32:36,574 [INFO] MainUpdater:2872 - connection check result : 10
2025-06-02 10:32:36,691 [INFO] MicroXplorer:468 - Change Database Path : 
2025-06-02 10:32:36,692 [INFO] MicroXplorer:498 - Change Database Version : DB.6.0.141
2025-06-02 10:32:36,744 [ERROR] ProjectManagerView:395 - 
java.lang.NullPointerException: Cannot invoke "javax.swing.JTextField.getText()" because the return value of "java.util.List.get(int)" is null
	at com.st.microxplorer.plugins.projectmanager.gui.ProjectChoiceTab$9.caretUpdate(ProjectChoiceTab.java:2678) ~[filemanager.jar:?]
	at javax.swing.text.JTextComponent.fireCaretUpdate(JTextComponent.java:408) ~[?:?]
	at javax.swing.text.JTextComponent$MutableCaretEvent.fire(JTextComponent.java:4484) ~[?:?]
	at javax.swing.text.JTextComponent$MutableCaretEvent.stateChanged(JTextComponent.java:4506) ~[?:?]
	at javax.swing.text.DefaultCaret.fireStateChanged(DefaultCaret.java:857) ~[?:?]
	at javax.swing.text.DefaultCaret.changeCaretPosition(DefaultCaret.java:1343) ~[?:?]
	at javax.swing.text.DefaultCaret.handleSetDot(DefaultCaret.java:1242) ~[?:?]
	at javax.swing.text.DefaultCaret.setDot(DefaultCaret.java:1223) ~[?:?]
	at javax.swing.text.DefaultCaret$Handler.insertUpdate(DefaultCaret.java:1819) ~[?:?]
	at javax.swing.text.AbstractDocument.fireInsertUpdate(AbstractDocument.java:227) ~[?:?]
	at javax.swing.text.AbstractDocument.handleInsertString(AbstractDocument.java:781) ~[?:?]
	at javax.swing.text.AbstractDocument.insertString(AbstractDocument.java:740) ~[?:?]
	at javax.swing.text.PlainDocument.insertString(PlainDocument.java:131) ~[?:?]
	at javax.swing.text.AbstractDocument.replace(AbstractDocument.java:699) ~[?:?]
	at javax.swing.text.JTextComponent.setText(JTextComponent.java:1725) ~[?:?]
	at com.st.microxplorer.plugins.projectmanager.gui.ProjectChoiceTab.createHeapStackFields(ProjectChoiceTab.java:979) ~[filemanager.jar:?]
	at com.st.microxplorer.plugins.projectmanager.gui.ProjectChoiceTab.buildLinkSettingsPanel(ProjectChoiceTab.java:3766) ~[filemanager.jar:?]
	at com.st.microxplorer.plugins.projectmanager.gui.ProjectChoiceTab.defineWindowsFields(ProjectChoiceTab.java:1962) ~[filemanager.jar:?]
	at com.st.microxplorer.plugins.projectmanager.gui.ProjectChoiceTab.updateSettings(ProjectChoiceTab.java:555) ~[filemanager.jar:?]
	at com.st.microxplorer.plugins.projectmanager.gui.ProjectSettingsPanel.UpdateDialog(ProjectSettingsPanel.java:245) ~[filemanager.jar:?]
	at com.st.microxplorer.plugins.projectmanager.ProjectManagerView.propertyChange(ProjectManagerView.java:392) ~[filemanager.jar:?]
	at java.beans.PropertyChangeSupport.fire(PropertyChangeSupport.java:343) ~[?:?]
	at java.beans.PropertyChangeSupport.firePropertyChange(PropertyChangeSupport.java:335) ~[?:?]
	at java.beans.PropertyChangeSupport.firePropertyChange(PropertyChangeSupport.java:268) ~[?:?]
	at com.st.microxplorer.util.MXPropertyChangeSupport.firePropertyChange(MXPropertyChangeSupport.java:54) ~[STM32CubeMX.jar:?]
	at com.st.microxplorer.mxsystem.MxSystem.closeConfig(MxSystem.java:899) ~[STM32CubeMX.jar:?]
	at com.st.microxplorer.maingui.MainPanel.closeConfig(MainPanel.java:789) ~[STM32CubeMX.jar:?]
	at com.st.microxplorer.plugins.filemanager.engine.OpenFileManager.loadConfigurationFile(OpenFileManager.java:287) ~[filemanager.jar:?]
	at com.st.microxplorer.plugins.filemanager.engine.MainFileManager.userLoadConfig(MainFileManager.java:341) ~[filemanager.jar:?]
	at com.st.microxplorer.plugins.filemanager.engine.MainFileManager.userLoadConfig(MainFileManager.java:319) ~[filemanager.jar:?]
	at com.st.microxplorer.plugins.filemanager.FileManagerView.getSpecificTask(FileManagerView.java:246) ~[filemanager.jar:?]
	at com.st.stm32cube.common.mx.editor.CubeMxEditor.getMxTabbedPaneInstance(CubeMxEditor.java:1198) ~[com.st.stm32cube.common.mx_6.14.1.202504091515/:?]
	at com.st.stm32cube.common.mx.editor.CubeMxEditor$12$1.createSwingComponent(CubeMxEditor.java:1068) ~[com.st.stm32cube.common.mx_6.14.1.202504091515/:?]
	at com.st.stm32cube.common.mx.oss.core.awtswtbridge.EmbeddedSwingComposite.doComponentCreation(EmbeddedSwingComposite.java:492) ~[com.st.stm32cube.common.mx.oss_6.14.1.202504091515/:?]
	at com.st.stm32cube.common.mx.oss.core.awtswtbridge.EmbeddedSwingComposite$4.run(EmbeddedSwingComposite.java:291) ~[com.st.stm32cube.common.mx.oss_6.14.1.202504091515/:?]
	at com.st.stm32cube.common.mx.oss.core.awtswtbridge.AwtEnvironment$2.run(AwtEnvironment.java:166) ~[com.st.stm32cube.common.mx.oss_6.14.1.202504091515/:?]
	at java.awt.event.InvocationEvent.dispatch(InvocationEvent.java:318) ~[?:?]
	at java.awt.EventQueue.dispatchEventImpl(EventQueue.java:773) ~[?:?]
	at java.awt.EventQueue$4.run(EventQueue.java:720) ~[?:?]
	at java.awt.EventQueue$4.run(EventQueue.java:714) ~[?:?]
	at java.security.AccessController.doPrivileged(AccessController.java:400) ~[?:?]
	at java.security.ProtectionDomain$JavaSecurityAccessImpl.doIntersectionPrivilege(ProtectionDomain.java:87) ~[?:?]
	at java.awt.EventQueue.dispatchEvent(EventQueue.java:742) ~[?:?]
	at java.awt.EventDispatchThread.pumpOneEventForFilters(EventDispatchThread.java:203) ~[?:?]
	at java.awt.EventDispatchThread.pumpEventsForFilter(EventDispatchThread.java:124) ~[?:?]
	at java.awt.EventDispatchThread.pumpEventsForHierarchy(EventDispatchThread.java:113) ~[?:?]
	at java.awt.EventDispatchThread.pumpEvents(EventDispatchThread.java:109) ~[?:?]
	at java.awt.EventDispatchThread.pumpEvents(EventDispatchThread.java:101) ~[?:?]
	at java.awt.EventDispatchThread.run(EventDispatchThread.java:90) ~[?:?]
2025-06-02 10:32:36,749 [WARN] ThirdParty:871 - waiting for thirdparty lock release [close project]
2025-06-02 10:32:36,749 [INFO] ThirdParty:873 - entering critical section [close project]
2025-06-02 10:32:36,749 [INFO] ThirdParty:883 - exiting critical section [close project]
2025-06-02 10:32:36,750 [INFO] PinOutPanel:1589 - setPackage(No Configuration,No Configuration)
2025-06-02 10:32:36,758 [INFO] UtilMem:75 - Begin LoadConfig() Used Memory: 636689576 Bytes (1031798784)
2025-06-02 10:32:36,759 [INFO] MicroXplorer:468 - Change Database Path : 
2025-06-02 10:32:36,759 [INFO] MicroXplorer:498 - Change Database Version : DB.6.0.141
2025-06-02 10:32:36,759 [INFO] OpenFileManager:354 - Change cursor
2025-06-02 10:32:36,779 [INFO] Mcu:2011 - Initializing MCU STM32F411C(C-E)Ux STM32F411CEUx STM32F411CEU6
2025-06-02 10:32:38,009 [INFO] Context:756 - Trying to add GPIOservice into a context  which must be forbidden
2025-06-02 10:32:38,733 [INFO] ImportTextPane:218 - (OptionalMessage_ERROR) Pin15 (VP_RIF_VS_RIF1) cannot be retrieved for this MCU
2025-06-02 10:32:39,283 [INFO] RtosManager:558 - Registered RTOS mode: class=CMSIS, group=RTOS, mode=CMSIS_V1, owner=FREERTOS
2025-06-02 10:32:39,284 [INFO] RtosManager:558 - Registered RTOS mode: class=CMSIS, group=RTOS2, mode=CMSIS_V2, owner=FREERTOS
2025-06-02 10:32:39,284 [INFO] RtosManager:558 - Registered RTOS mode: class=RTOS, group=Core, mode=CMSIS_V1, owner=FREERTOS
2025-06-02 10:32:39,284 [INFO] RtosManager:558 - Registered RTOS mode: class=RTOS, group=Core, mode=CMSIS_V2, owner=FREERTOS
2025-06-02 10:32:39,284 [WARN] ModelIntegratedComponent:184 - Missing modes for component STMicroelectronics:FreeRTOS:0.0.1:STMicroelectronics:RTOS:FreeRTOS:Core:::10.2.0:
2025-06-02 10:32:39,290 [WARN] ModelIntegratedComponent:182 - Modes not found for component STMicroelectronics:USB_HOST:1.0.0:STMicroelectronics:USB::USB Host:Audio HS::1.0:USB_HOST_1_0_RESTRICTED_HS
2025-06-02 10:32:39,291 [WARN] ModelIntegratedComponent:188 - Modes not found for component STMicroelectronics:USB_HOST:1.0.0:STMicroelectronics:USB::USB Host:Audio HS::1.0:USB_HOST_1_0_RESTRICTED_HS
2025-06-02 10:32:39,291 [WARN] ModelIntegratedComponent:182 - Modes not found for component STMicroelectronics:USB_HOST:1.0.0:STMicroelectronics:USB::USB Host:CDC HS::1.0:USB_HOST_1_0_RESTRICTED_HS
2025-06-02 10:32:39,291 [WARN] ModelIntegratedComponent:188 - Modes not found for component STMicroelectronics:USB_HOST:1.0.0:STMicroelectronics:USB::USB Host:CDC HS::1.0:USB_HOST_1_0_RESTRICTED_HS
2025-06-02 10:32:39,291 [WARN] ModelIntegratedComponent:182 - Modes not found for component STMicroelectronics:USB_HOST:1.0.0:STMicroelectronics:USB::USB Host:MSC HS::1.0:USB_HOST_1_0_RESTRICTED_HS
2025-06-02 10:32:39,291 [WARN] ModelIntegratedComponent:188 - Modes not found for component STMicroelectronics:USB_HOST:1.0.0:STMicroelectronics:USB::USB Host:MSC HS::1.0:USB_HOST_1_0_RESTRICTED_HS
2025-06-02 10:32:39,291 [WARN] ModelIntegratedComponent:182 - Modes not found for component STMicroelectronics:USB_HOST:1.0.0:STMicroelectronics:USB::USB Host:HID HS::1.0:USB_HOST_1_0_RESTRICTED_HS
2025-06-02 10:32:39,291 [WARN] ModelIntegratedComponent:188 - Modes not found for component STMicroelectronics:USB_HOST:1.0.0:STMicroelectronics:USB::USB Host:HID HS::1.0:USB_HOST_1_0_RESTRICTED_HS
2025-06-02 10:32:39,291 [WARN] ModelIntegratedComponent:182 - Modes not found for component STMicroelectronics:USB_HOST:1.0.0:STMicroelectronics:USB::USB Host:MTP HS::1.0:USB_HOST_1_0_RESTRICTED_HS
2025-06-02 10:32:39,291 [WARN] ModelIntegratedComponent:188 - Modes not found for component STMicroelectronics:USB_HOST:1.0.0:STMicroelectronics:USB::USB Host:MTP HS::1.0:USB_HOST_1_0_RESTRICTED_HS
2025-06-02 10:32:39,297 [WARN] ModelIntegratedComponent:63 - No mode defined for component null
2025-06-02 10:32:39,297 [WARN] ModelIntegratedComponent:63 - No mode defined for component null
2025-06-02 10:32:39,297 [WARN] ModelIntegratedComponent:63 - No mode defined for component null
2025-06-02 10:32:39,298 [WARN] ModelIntegratedComponent:63 - No mode defined for component null
2025-06-02 10:32:39,298 [WARN] ModelIntegratedComponent:63 - No mode defined for component null
2025-06-02 10:32:39,298 [WARN] ModelIntegratedComponent:63 - No mode defined for component null
2025-06-02 10:32:39,298 [WARN] ModelIntegratedComponent:63 - No mode defined for component null
2025-06-02 10:32:39,298 [WARN] ModelIntegratedComponent:63 - No mode defined for component null
2025-06-02 10:32:39,298 [WARN] ModelIntegratedComponent:63 - No mode defined for component null
2025-06-02 10:32:39,298 [WARN] ModelIntegratedComponent:63 - No mode defined for component null
2025-06-02 10:32:39,298 [WARN] ModelIntegratedComponent:63 - No mode defined for component null
2025-06-02 10:32:39,298 [WARN] ModelIntegratedComponent:63 - No mode defined for component null
2025-06-02 10:32:39,299 [WARN] ModelIntegratedComponent:63 - No mode defined for component null
2025-06-02 10:32:39,299 [WARN] ModelIntegratedComponent:63 - No mode defined for component null
2025-06-02 10:32:39,299 [WARN] ModelIntegratedComponent:63 - No mode defined for component null
2025-06-02 10:32:39,299 [WARN] ModelIntegratedComponent:63 - No mode defined for component null
2025-06-02 10:32:39,299 [WARN] ModelIntegratedComponent:63 - No mode defined for component null
2025-06-02 10:32:39,299 [WARN] ModelIntegratedComponent:63 - No mode defined for component null
2025-06-02 10:32:39,299 [WARN] ModelIntegratedComponent:63 - No mode defined for component null
2025-06-02 10:32:39,299 [WARN] ModelIntegratedComponent:63 - No mode defined for component null
2025-06-02 10:32:39,299 [WARN] ModelIntegratedComponent:63 - No mode defined for component null
2025-06-02 10:32:39,299 [WARN] ModelIntegratedComponent:63 - No mode defined for component null
2025-06-02 10:32:39,299 [WARN] ModelIntegratedComponent:63 - No mode defined for component null
2025-06-02 10:32:39,299 [WARN] ModelIntegratedComponent:63 - No mode defined for component null
2025-06-02 10:32:39,299 [WARN] ModelIntegratedComponent:63 - No mode defined for component null
2025-06-02 10:32:39,299 [WARN] ModelIntegratedComponent:63 - No mode defined for component null
2025-06-02 10:32:39,299 [WARN] ModelIntegratedComponent:63 - No mode defined for component null
2025-06-02 10:32:39,299 [WARN] ModelIntegratedComponent:63 - No mode defined for component null
2025-06-02 10:32:39,299 [WARN] ModelIntegratedComponent:63 - No mode defined for component null
2025-06-02 10:32:39,299 [WARN] ModelIntegratedComponent:63 - No mode defined for component null
2025-06-02 10:32:39,299 [WARN] ModelIntegratedComponent:63 - No mode defined for component null
2025-06-02 10:32:39,300 [WARN] ModelIntegratedComponent:63 - No mode defined for component null
2025-06-02 10:32:39,300 [WARN] ModelIntegratedComponent:63 - No mode defined for component null
2025-06-02 10:32:39,300 [WARN] ModelIntegratedComponent:63 - No mode defined for component null
2025-06-02 10:32:39,300 [WARN] ModelIntegratedComponent:63 - No mode defined for component null
2025-06-02 10:32:39,300 [WARN] ModelPack:524 - Component already loaded: STMicroelectronics:HAL Drivers:0.0.0:STMicroelectronics:Device:STMicro_Driver:XSPI:HAL::0.0.1:HAL_XSPI
2025-06-02 10:32:39,599 [WARN] ModelIntegratedComponent:182 - Modes not found for component STMicroelectronics:USB_DEVICE:1.0.0:STMicroelectronics:USB::USB Device:Audio HS::1.0:USB_DEVICE_1_0_RESTRICTED_HS
2025-06-02 10:32:39,601 [WARN] ModelIntegratedComponent:188 - Modes not found for component STMicroelectronics:USB_DEVICE:1.0.0:STMicroelectronics:USB::USB Device:Audio HS::1.0:USB_DEVICE_1_0_RESTRICTED_HS
2025-06-02 10:32:39,601 [WARN] ModelIntegratedComponent:182 - Modes not found for component STMicroelectronics:USB_DEVICE:1.0.0:STMicroelectronics:USB::USB Device:CDC HS::1.0:USB_DEVICE_1_0_RESTRICTED_HS
2025-06-02 10:32:39,601 [WARN] ModelIntegratedComponent:188 - Modes not found for component STMicroelectronics:USB_DEVICE:1.0.0:STMicroelectronics:USB::USB Device:CDC HS::1.0:USB_DEVICE_1_0_RESTRICTED_HS
2025-06-02 10:32:39,601 [WARN] ModelIntegratedComponent:182 - Modes not found for component STMicroelectronics:USB_DEVICE:1.0.0:STMicroelectronics:USB::USB Device:DFU HS::1.0:USB_DEVICE_1_0_RESTRICTED_HS
2025-06-02 10:32:39,601 [WARN] ModelIntegratedComponent:188 - Modes not found for component STMicroelectronics:USB_DEVICE:1.0.0:STMicroelectronics:USB::USB Device:DFU HS::1.0:USB_DEVICE_1_0_RESTRICTED_HS
2025-06-02 10:32:39,601 [WARN] ModelIntegratedComponent:182 - Modes not found for component STMicroelectronics:USB_DEVICE:1.0.0:STMicroelectronics:USB::USB Device:HID HS::1.0:USB_DEVICE_1_0_RESTRICTED_HS
2025-06-02 10:32:39,601 [WARN] ModelIntegratedComponent:188 - Modes not found for component STMicroelectronics:USB_DEVICE:1.0.0:STMicroelectronics:USB::USB Device:HID HS::1.0:USB_DEVICE_1_0_RESTRICTED_HS
2025-06-02 10:32:39,601 [WARN] ModelIntegratedComponent:182 - Modes not found for component STMicroelectronics:USB_DEVICE:1.0.0:STMicroelectronics:USB::USB Device:Custom HID HS::1.0:USB_DEVICE_1_0_RESTRICTED_HS
2025-06-02 10:32:39,601 [WARN] ModelIntegratedComponent:188 - Modes not found for component STMicroelectronics:USB_DEVICE:1.0.0:STMicroelectronics:USB::USB Device:Custom HID HS::1.0:USB_DEVICE_1_0_RESTRICTED_HS
2025-06-02 10:32:39,601 [WARN] ModelIntegratedComponent:182 - Modes not found for component STMicroelectronics:USB_DEVICE:1.0.0:STMicroelectronics:USB::USB Device:MSC HS::1.0:USB_DEVICE_1_0_RESTRICTED_HS
2025-06-02 10:32:39,601 [WARN] ModelIntegratedComponent:188 - Modes not found for component STMicroelectronics:USB_DEVICE:1.0.0:STMicroelectronics:USB::USB Device:MSC HS::1.0:USB_DEVICE_1_0_RESTRICTED_HS
2025-06-02 10:32:39,641 [INFO] ThirdPartyModel:298 - Start build external matchings
2025-06-02 10:32:40,959 [INFO] ThirdPartyModel:316 - End build external matchings
2025-06-02 10:32:41,004 [INFO] ImportTextPane:218 - (OptionalMessage_ERROR) IP (RCC) : Parameter (RTCHSEDivFreq_Value) has invalid value (12500000)
2025-06-02 10:32:41,372 [INFO] UtilMem:75 - End LoadConfig() Used Memory: 840256312 Bytes (1031798784)
2025-06-02 10:32:41,466 [WARN] ThirdParty:833 - waiting for thirdparty lock release [change project]
2025-06-02 10:32:41,466 [INFO] ThirdParty:835 - entering critical section [change project]
2025-06-02 10:32:41,466 [INFO] ThirdParty:1030 - CMSIS Pack Vendor :STMicroelectronics USBPD 4.1
2025-06-02 10:32:41,466 [INFO] ThirdParty:1030 - CMSIS Pack Vendor :STMicroelectronics X-CUBE-AZRTOS-H7 3.3.0
2025-06-02 10:32:41,467 [INFO] ThirdParty:1030 - CMSIS Pack Vendor :STMicroelectronics X-CUBE-NFC9 1.0.0
2025-06-02 10:32:41,467 [INFO] ThirdParty:1030 - CMSIS Pack Vendor :STMicroelectronics USB_HOST 2.0.0
2025-06-02 10:32:41,467 [INFO] ThirdParty:1030 - CMSIS Pack Vendor :STMicroelectronics FP-SNS-MOTENVWB1 1.4.0
2025-06-02 10:32:41,467 [INFO] ThirdParty:1030 - CMSIS Pack Vendor :STMicroelectronics X-CUBE-AZRTOS-F4 1.1.0
2025-06-02 10:32:41,467 [INFO] ThirdParty:1030 - CMSIS Pack Vendor :STMicroelectronics LIBJPEG 8.0.0
2025-06-02 10:32:41,467 [INFO] ThirdParty:1030 - CMSIS Pack Vendor :STMicroelectronics FP-ATR-ASTRA1 2.0.2
2025-06-02 10:32:41,467 [INFO] ThirdParty:1030 - CMSIS Pack Vendor :STMicroelectronics FP-ATR-ASTRA1 2.0.1
2025-06-02 10:32:41,467 [INFO] ThirdParty:1030 - CMSIS Pack Vendor :STMicroelectronics X-CUBE-BLE1 7.1.0
2025-06-02 10:32:41,467 [INFO] ThirdParty:1030 - CMSIS Pack Vendor :Avnet-IotConnect X-CUBE-IoTC-DA16k-PMOD 1.0.0
2025-06-02 10:32:41,467 [INFO] ThirdParty:1030 - CMSIS Pack Vendor :STMicroelectronics X-CUBE-SMBUS 2.1.0
2025-06-02 10:32:41,467 [INFO] ThirdParty:1030 - CMSIS Pack Vendor :STMicroelectronics X-CUBE-WB05N 1.1.0
2025-06-02 10:32:41,467 [INFO] ThirdParty:1030 - CMSIS Pack Vendor :STMicroelectronics USB_DEVICE 3.0.0
2025-06-02 10:32:41,467 [INFO] ThirdParty:1030 - CMSIS Pack Vendor :STMicroelectronics X-CUBE-ISPU 2.1.0
2025-06-02 10:32:41,467 [INFO] ThirdParty:1030 - CMSIS Pack Vendor :STMicroelectronics X-CUBE-AZRTOS-WB 2.0.0
2025-06-02 10:32:41,467 [INFO] ThirdParty:1030 - CMSIS Pack Vendor :STMicroelectronics X-CUBE-ST60 1.0.0
2025-06-02 10:32:41,467 [INFO] ThirdParty:1030 - CMSIS Pack Vendor :STMicroelectronics X-CUBE-GNSS1 7.0.1
2025-06-02 10:32:41,467 [INFO] ThirdParty:1030 - CMSIS Pack Vendor :STMicroelectronics X-CUBE-AZRTOS-F7 1.1.0
2025-06-02 10:32:41,467 [INFO] ThirdParty:1030 - CMSIS Pack Vendor :STMicroelectronics X-CUBE-AZRTOS-L5 2.0.0
2025-06-02 10:32:41,467 [INFO] ThirdParty:1030 - CMSIS Pack Vendor :STMicroelectronics X-CUBE-TOUCHGFX 4.25.0
2025-06-02 10:32:41,467 [INFO] ThirdParty:1030 - CMSIS Pack Vendor :STMicroelectronics USB_DEVICE 2.0.0
2025-06-02 10:32:41,467 [INFO] ThirdParty:1030 - CMSIS Pack Vendor :STMicroelectronics X-CUBE-NFC6 3.1.0
2025-06-02 10:32:41,467 [INFO] ThirdParty:1030 - CMSIS Pack Vendor :STMicroelectronics X-CUBE-AI 10.1.0
2025-06-02 10:32:41,467 [INFO] ThirdParty:1030 - CMSIS Pack Vendor :STMicroelectronics FP-SNS-STBOX1 2.0.0
2025-06-02 10:32:41,467 [INFO] ThirdParty:1030 - CMSIS Pack Vendor :STMicroelectronics X-CUBE-MEMS1 11.2.0
2025-06-02 10:32:41,467 [INFO] ThirdParty:1030 - CMSIS Pack Vendor :STMicroelectronics FreeRTOS 0.0.1
2025-06-02 10:32:41,467 [INFO] ThirdParty:1030 - CMSIS Pack Vendor :STMicroelectronics X-CUBE-AZRTOS-G0 1.1.0
2025-06-02 10:32:41,467 [INFO] ThirdParty:1030 - CMSIS Pack Vendor :STMicroelectronics X-CUBE-SAFEA1 1.2.2
2025-06-02 10:32:41,467 [INFO] ThirdParty:1030 - CMSIS Pack Vendor :STMicroelectronics X-CUBE-NFC4 3.0.0
2025-06-02 10:32:41,467 [INFO] ThirdParty:1030 - CMSIS Pack Vendor :STMicroelectronics X-CUBE-DPower 1.2.0
2025-06-02 10:32:41,467 [INFO] ThirdParty:1030 - CMSIS Pack Vendor :STMicroelectronics X-CUBE-SUBG2 5.0.0
2025-06-02 10:32:41,467 [INFO] ThirdParty:1030 - CMSIS Pack Vendor :STMicroelectronics X-CUBE-AZRTOS-H7RS 1.1.0
2025-06-02 10:32:41,467 [INFO] ThirdParty:1030 - CMSIS Pack Vendor :STMicroelectronics STM32_WPAN 1.0.0
2025-06-02 10:32:41,467 [INFO] ThirdParty:1030 - CMSIS Pack Vendor :EmbeddedOffice I-CUBE-FS-RTOS 1.0.1
2025-06-02 10:32:41,467 [INFO] ThirdParty:1030 - CMSIS Pack Vendor :STMicroelectronics lwIP 2.0.3
2025-06-02 10:32:41,467 [INFO] ThirdParty:1030 - CMSIS Pack Vendor :STMicroelectronics FP-SNS-FLIGHT1 5.0.2
2025-06-02 10:32:41,467 [INFO] ThirdParty:1030 - CMSIS Pack Vendor :Cesanta I-CUBE-Mongoose 7.13.0
2025-06-02 10:32:41,468 [INFO] ThirdParty:1030 - CMSIS Pack Vendor :STMicroelectronics USB_HOST 1.0.0
2025-06-02 10:32:41,468 [INFO] ThirdParty:1030 - CMSIS Pack Vendor :Infineon AIROC-Wi-Fi-Bluetooth-STM32 1.7.0
2025-06-02 10:32:41,468 [INFO] ThirdParty:1030 - CMSIS Pack Vendor :STMicroelectronics X-CUBE-AZRTOS-G4 2.0.0
2025-06-02 10:32:41,468 [INFO] ThirdParty:1030 - CMSIS Pack Vendor :STMicroelectronics X-CUBE-WB05N 2.0.0
2025-06-02 10:32:41,468 [INFO] ThirdParty:1030 - CMSIS Pack Vendor :STMicroelectronics PDM2PCM 3.1.0
2025-06-02 10:32:41,468 [INFO] ThirdParty:1030 - CMSIS Pack Vendor :STMicroelectronics PDM2PCM 3.3.0
2025-06-02 10:32:41,468 [INFO] ThirdParty:1030 - CMSIS Pack Vendor :STMicroelectronics X-CUBE-DISPLAY 3.0.0
2025-06-02 10:32:41,468 [INFO] ThirdParty:1030 - CMSIS Pack Vendor :STMicroelectronics X-CUBE-NFC7 2.0.0
2025-06-02 10:32:41,468 [INFO] ThirdParty:1030 - CMSIS Pack Vendor :STMicroelectronics X-CUBE-TCPP 4.2.0
2025-06-02 10:32:41,468 [INFO] ThirdParty:1030 - CMSIS Pack Vendor :RealThread X-CUBE-RT-Thread_Nano 4.1.1
2025-06-02 10:32:41,468 [INFO] ThirdParty:1030 - CMSIS Pack Vendor :STMicroelectronics X-CUBE-BLE1 7.0.0
2025-06-02 10:32:41,468 [INFO] ThirdParty:1030 - CMSIS Pack Vendor :STMicroelectronics FP-ATR-SIGFOX1 3.2.0
2025-06-02 10:32:41,468 [INFO] ThirdParty:1030 - CMSIS Pack Vendor :STMicroelectronics X-CUBE-NFC10 1.0.0
2025-06-02 10:32:41,468 [INFO] ThirdParty:1030 - CMSIS Pack Vendor :quantropi X-CUBE-qispace-sdk-base 1.9.3
2025-06-02 10:32:41,468 [INFO] ThirdParty:1030 - CMSIS Pack Vendor :STMicroelectronics X-CUBE-BLEMGR 4.0.0
2025-06-02 10:32:41,468 [INFO] ThirdParty:1030 - CMSIS Pack Vendor :STMicroelectronics X-CUBE-EEPRMA1 5.1.0
2025-06-02 10:32:41,468 [INFO] ThirdParty:1030 - CMSIS Pack Vendor :STMicroelectronics X-CUBE-FREERTOS 1.3.1
2025-06-02 10:32:41,468 [INFO] ThirdParty:1030 - CMSIS Pack Vendor :STMicroelectronics HAL Drivers 0.0.0
2025-06-02 10:32:41,468 [INFO] ThirdParty:1030 - CMSIS Pack Vendor :STMicroelectronics MBEDTLS 2.16.2
2025-06-02 10:32:41,468 [INFO] ThirdParty:1030 - CMSIS Pack Vendor :STMicroelectronics X-CUBE-IPS 3.1.0
2025-06-02 10:32:41,468 [INFO] ThirdParty:1030 - CMSIS Pack Vendor :STMicroelectronics X-CUBE-ALS 1.0.2
2025-06-02 10:32:41,468 [INFO] ThirdParty:1030 - CMSIS Pack Vendor :emotas I-CUBE-CANOPEN 1.3.0
2025-06-02 10:32:41,468 [INFO] ThirdParty:1030 - CMSIS Pack Vendor :STMicroelectronics X-CUBE-FREERTOS 1.3.0
2025-06-02 10:32:41,468 [INFO] ThirdParty:1030 - CMSIS Pack Vendor :STMicroelectronics X-CUBE-NFC7 1.0.1
2025-06-02 10:32:41,468 [INFO] ThirdParty:1030 - CMSIS Pack Vendor :STMicroelectronics MBEDTLS 2.14.1
2025-06-02 10:32:41,468 [INFO] ThirdParty:1030 - CMSIS Pack Vendor :wolfSSL I-CUBE-wolfSSL 5.7.6
2025-06-02 10:32:41,468 [INFO] ThirdParty:1030 - CMSIS Pack Vendor :ITTIA_DB I-CUBE-ITTIADB 8.9.0
2025-06-02 10:32:41,468 [INFO] ThirdParty:1030 - CMSIS Pack Vendor :STMicroelectronics X-CUBE-TOUCHGFX 4.24.2
2025-06-02 10:32:41,468 [INFO] ThirdParty:1030 - CMSIS Pack Vendor :wolfSSL I-CUBE-wolfTPM 3.4.0
2025-06-02 10:32:41,468 [INFO] ThirdParty:1030 - CMSIS Pack Vendor :portGmbH I-Cube-SoM-uGOAL 1.1.0
2025-06-02 10:32:41,468 [INFO] ThirdParty:1030 - CMSIS Pack Vendor :STMicroelectronics X-CUBE-AI 10.0.0
2025-06-02 10:32:41,468 [INFO] ThirdParty:1030 - CMSIS Pack Vendor :STMicroelectronics ThreadX 1.0.0
2025-06-02 10:32:41,468 [INFO] ThirdParty:1030 - CMSIS Pack Vendor :STMicroelectronics FP-SNS-SMARTAG2 1.2.0
2025-06-02 10:32:41,468 [INFO] ThirdParty:1030 - CMSIS Pack Vendor :STMicroelectronics FP-SNS-FLIGHT1 5.1.0
2025-06-02 10:32:41,468 [INFO] ThirdParty:1030 - CMSIS Pack Vendor :STMicroelectronics X-CUBE-MEMS1 11.1.0
2025-06-02 10:32:41,468 [INFO] ThirdParty:1030 - CMSIS Pack Vendor :STMicroelectronics X-CUBE-AZRTOS-WL 2.0.0
2025-06-02 10:32:41,469 [INFO] ThirdParty:1030 - CMSIS Pack Vendor :SEGGER I-CUBE-embOS 1.3.1
2025-06-02 10:32:41,469 [INFO] ThirdParty:1030 - CMSIS Pack Vendor :STMicroelectronics X-CUBE-ALGOBUILD 1.4.0
2025-06-02 10:32:41,469 [INFO] ThirdParty:1030 - CMSIS Pack Vendor :STMicroelectronics X-CUBE-DPower 1.3.0
2025-06-02 10:32:41,469 [INFO] ThirdParty:1030 - CMSIS Pack Vendor :STMicroelectronics FP-SNS-MOTENV1 5.0.0
2025-06-02 10:32:41,469 [INFO] ThirdParty:1030 - CMSIS Pack Vendor :STMicroelectronics USB_DEVICE 1.0.0
2025-06-02 10:32:41,469 [INFO] ThirdParty:1030 - CMSIS Pack Vendor :STMicroelectronics X-CUBE-AZRTOS-H7RS 1.0.0
2025-06-02 10:32:41,469 [INFO] ThirdParty:1030 - CMSIS Pack Vendor :wolfSSL I-CUBE-wolfMQTT 1.19.0
2025-06-02 10:32:41,469 [INFO] ThirdParty:1030 - CMSIS Pack Vendor :STMicroelectronics X-CUBE-AZRTOS-L4 2.0.0
2025-06-02 10:32:41,469 [INFO] ThirdParty:1030 - CMSIS Pack Vendor :STMicroelectronics ThreadX 0.0.2
2025-06-02 10:32:41,469 [INFO] ThirdParty:1030 - CMSIS Pack Vendor :WES I-CUBE-Cesium 1.3.0
2025-06-02 10:32:41,469 [INFO] ThirdParty:1030 - CMSIS Pack Vendor :STMicroelectronics lwIP 2.1.2
2025-06-02 10:32:41,469 [INFO] ThirdParty:1030 - CMSIS Pack Vendor :STMicroelectronics X-CUBE-SFXS2LP1 4.0.0
2025-06-02 10:32:41,469 [INFO] ThirdParty:1030 - CMSIS Pack Vendor :STMicroelectronics X-CUBE-BLE2 3.3.0
2025-06-02 10:32:41,469 [INFO] ThirdParty:1030 - CMSIS Pack Vendor :STMicroelectronics X-CUBE-TOF1 3.4.2
2025-06-02 10:32:41,469 [INFO] ThirdParty:1030 - CMSIS Pack Vendor :STMicroelectronics X-CUBE-TOF1 3.4.3
2025-06-02 10:32:41,469 [INFO] ThirdParty:1030 - CMSIS Pack Vendor :STMicroelectronics PDM2PCM 3.2.0
2025-06-02 10:32:41,469 [INFO] ThirdParty:1030 - CMSIS Pack Vendor :wolfSSL I-CUBE-wolfSSH 1.4.17
2025-06-02 10:32:41,469 [INFO] ThirdParty:841 - exiting critical section [change project]
2025-06-02 10:32:41,707 [INFO] PinOutPanel:1589 - setPackage(No Configuration,No Configuration)
2025-06-02 10:32:41,709 [INFO] PinOutPanel:1589 - setPackage(STM32F411CEUx,UFQFPN48)
2025-06-02 10:32:42,336 [INFO] UtilMem:75 - Before build in PCC Used Memory: 480675432 Bytes (1031798784)
2025-06-02 10:32:42,867 [INFO] UtilMem:75 - After build in PCC Used Memory: 525764200 Bytes (1031798784)
2025-06-02 10:32:42,899 [INFO] IPUIPlugin:80 - create IPUIPlugin
2025-06-02 10:32:42,900 [INFO] IPUIPlugin:80 - create IPUIPlugin
2025-06-02 10:32:42,900 [INFO] IPUIPlugin:80 - create IPUIPlugin
2025-06-02 10:32:42,916 [INFO] IPUIPlugin:80 - create IPUIPlugin
2025-06-02 10:32:42,917 [INFO] IPUIPlugin:80 - create IPUIPlugin
2025-06-02 10:32:42,917 [INFO] IPUIPlugin:80 - create IPUIPlugin
2025-06-02 10:32:42,918 [INFO] IPUIPlugin:80 - create IPUIPlugin
2025-06-02 10:32:42,918 [INFO] IPUIPlugin:80 - create IPUIPlugin
2025-06-02 10:32:42,918 [INFO] IPUIPlugin:80 - create IPUIPlugin
2025-06-02 10:32:42,918 [INFO] IPUIPlugin:80 - create IPUIPlugin
2025-06-02 10:32:42,919 [INFO] IPUIPlugin:80 - create IPUIPlugin
2025-06-02 10:32:42,919 [INFO] IPUIPlugin:80 - create IPUIPlugin
2025-06-02 10:32:42,919 [INFO] IPUIPlugin:80 - create IPUIPlugin
2025-06-02 10:32:42,919 [INFO] IPUIPlugin:80 - create IPUIPlugin
2025-06-02 10:32:42,920 [INFO] IPUIPlugin:80 - create IPUIPlugin
2025-06-02 10:32:42,920 [INFO] IPUIPlugin:80 - create IPUIPlugin
2025-06-02 10:32:42,921 [INFO] IPUIPlugin:80 - create IPUIPlugin
2025-06-02 10:32:42,921 [INFO] IPUIPlugin:80 - create IPUIPlugin
2025-06-02 10:32:42,921 [INFO] IPUIPlugin:80 - create IPUIPlugin
2025-06-02 10:32:42,922 [INFO] IPUIPlugin:80 - create IPUIPlugin
2025-06-02 10:32:42,922 [INFO] IPUIPlugin:80 - create IPUIPlugin
2025-06-02 10:32:42,922 [INFO] IPUIPlugin:80 - create IPUIPlugin
2025-06-02 10:32:42,923 [INFO] IPUIPlugin:80 - create IPUIPlugin
2025-06-02 10:32:42,923 [INFO] IPUIPlugin:80 - create IPUIPlugin
2025-06-02 10:32:42,923 [INFO] IPUIPlugin:80 - create IPUIPlugin
2025-06-02 10:32:42,924 [INFO] IPUIPlugin:80 - create IPUIPlugin
2025-06-02 10:32:42,924 [INFO] IPUIPlugin:80 - create IPUIPlugin
2025-06-02 10:32:42,925 [INFO] IPUIPlugin:80 - create IPUIPlugin
2025-06-02 10:32:42,925 [INFO] IPUIPlugin:80 - create IPUIPlugin
2025-06-02 10:32:42,925 [INFO] IPUIPlugin:80 - create IPUIPlugin
2025-06-02 10:32:42,926 [INFO] IPUIPlugin:80 - create IPUIPlugin
2025-06-02 10:32:42,926 [INFO] IPUIPlugin:80 - create IPUIPlugin
2025-06-02 10:32:42,927 [INFO] IPUIPlugin:80 - create IPUIPlugin
2025-06-02 10:32:42,927 [INFO] IPUIPlugin:80 - create IPUIPlugin
2025-06-02 10:32:42,927 [INFO] IPUIPlugin:80 - create IPUIPlugin
2025-06-02 10:32:42,927 [INFO] IPUIPlugin:80 - create IPUIPlugin
2025-06-02 10:32:42,928 [INFO] IPUIPlugin:80 - create IPUIPlugin
2025-06-02 10:32:42,928 [INFO] IPUIPlugin:80 - create IPUIPlugin
2025-06-02 10:32:42,929 [INFO] IPUIPlugin:80 - create IPUIPlugin
2025-06-02 10:32:42,929 [INFO] IPUIPlugin:80 - create IPUIPlugin
2025-06-02 10:32:42,930 [INFO] IPUIPlugin:80 - create IPUIPlugin
2025-06-02 10:32:42,930 [INFO] IPUIPlugin:80 - create IPUIPlugin
2025-06-02 10:32:42,931 [INFO] IPUIPlugin:80 - create IPUIPlugin
2025-06-02 10:32:42,946 [INFO] ApiDbMcu:508 - Load IP Config File for PDM2PCM
2025-06-02 10:32:43,074 [INFO] CADModel:165 - CPN selected for project levelSTM32F411CEU6
2025-06-02 10:32:43,074 [INFO] CADModel:114 - Register for checkConnection events
2025-06-02 10:32:43,120 [INFO] OpenFileManager:385 - Restore cursor
2025-06-02 10:33:02,571 [INFO] UtilMem:75 - End SaveConfig() Used Memory: 855539304 Bytes (1031798784)
2025-06-02 10:33:02,705 [INFO] UtilMem:75 - End SaveConfig() Used Memory: 871116216 Bytes (1031798784)
2025-06-02 10:33:04,937 [INFO] UtilMem:75 - End SaveConfig() Used Memory: 410209224 Bytes (1031798784)
2025-06-02 10:33:05,417 [INFO] BlockDiagram:2775 - set Specific Code input for plugin: SPI
2025-06-02 10:33:05,418 [INFO] BlockDiagram:2775 - set Specific Code input for plugin: SPI
2025-06-02 10:33:05,418 [INFO] BlockDiagram:2775 - set Specific Code input for plugin: NVIC
2025-06-02 10:33:05,418 [INFO] BlockDiagram:2775 - set Specific Code input for plugin: USART
2025-06-02 10:33:05,418 [INFO] BlockDiagram:2775 - set Specific Code input for plugin: SYS
2025-06-02 10:33:05,419 [INFO] BlockDiagram:2775 - set Specific Code input for plugin: GPIO
2025-06-02 10:33:05,419 [INFO] BlockDiagram:2775 - set Specific Code input for plugin: RCC
2025-06-02 10:33:05,419 [INFO] CodeGenerator:882 - code generatio: config db path: C:\ST\STM32CubeIDE_1.18.1\STM32CubeIDE\plugins\com.st.stm32cube.common.mx_6.14.1.202504091515\\db\
2025-06-02 10:33:05,805 [INFO] CodeEngine:263 - oldGeneratedFile, E:\THANHTRA\STM32\STM32Cube_IDE\spi_slave_receive\MXTmpFiles\license.tmp_save
2025-06-02 10:33:06,212 [INFO] CodeEngine:287 - Generated code: E:\THANHTRA\STM32\STM32Cube_IDE\spi_slave_receive\MXTmpFiles\license.tmp
2025-06-02 10:33:06,271 [INFO] CodeEngine:263 - oldGeneratedFile, E:\THANHTRA\STM32\STM32Cube_IDE\spi_slave_receive\MXTmpFiles\gpio.tmp_save
2025-06-02 10:33:06,581 [INFO] CodeEngine:287 - Generated code: E:\THANHTRA\STM32\STM32Cube_IDE\spi_slave_receive\MXTmpFiles\gpio.tmp
2025-06-02 10:33:06,745 [INFO] CodeEngine:263 - oldGeneratedFile, E:\THANHTRA\STM32\STM32Cube_IDE\spi_slave_receive\Core\Src\stm32f4xx_it.c_save
2025-06-02 10:33:07,195 [INFO] CodeEngine:287 - Generated code: E:\THANHTRA\STM32\STM32Cube_IDE\spi_slave_receive\Core\Src\stm32f4xx_it.c
2025-06-02 10:33:07,202 [INFO] CodeEngine:263 - oldGeneratedFile, E:\THANHTRA\STM32\STM32Cube_IDE\spi_slave_receive\Core\Inc\stm32f4xx_it.h_save
2025-06-02 10:33:07,378 [INFO] CodeEngine:287 - Generated code: E:\THANHTRA\STM32\STM32Cube_IDE\spi_slave_receive\Core\Inc\stm32f4xx_it.h
2025-06-02 10:33:07,397 [INFO] CodeEngine:263 - oldGeneratedFile, E:\THANHTRA\STM32\STM32Cube_IDE\spi_slave_receive\Core\Src\stm32f4xx_hal_msp.c_save
2025-06-02 10:33:07,735 [INFO] CodeEngine:287 - Generated code: E:\THANHTRA\STM32\STM32Cube_IDE\spi_slave_receive\Core\Src\stm32f4xx_hal_msp.c
2025-06-02 10:33:07,744 [INFO] CodeEngine:263 - oldGeneratedFile, E:\THANHTRA\STM32\STM32Cube_IDE\spi_slave_receive\MXTmpFiles\system.tmp_save
2025-06-02 10:33:07,926 [INFO] CodeEngine:287 - Generated code: E:\THANHTRA\STM32\STM32Cube_IDE\spi_slave_receive\MXTmpFiles\system.tmp
2025-06-02 10:33:07,938 [INFO] CodeEngine:319 - oldGeneratedFile, E:\THANHTRA\STM32\STM32Cube_IDE\spi_slave_receive\Core\Inc\stm32f4xx_hal_conf.h_save
2025-06-02 10:33:08,112 [INFO] CodeEngine:343 - Generated code: E:\THANHTRA\STM32\STM32Cube_IDE\spi_slave_receive\Core\Inc\stm32f4xx_hal_conf.h
2025-06-02 10:33:08,144 [INFO] ApiDbMcu:508 - Load IP Config File for SPI1
2025-06-02 10:33:08,147 [INFO] ApiDbMcu:508 - Load IP Config File for SPI2
2025-06-02 10:33:08,153 [INFO] ApiDbMcu:508 - Load IP Config File for USART1
2025-06-02 10:33:08,158 [INFO] ApiDbMcu:508 - Load IP Config File for RCC
2025-06-02 10:33:08,170 [INFO] CodeEngine:263 - oldGeneratedFile, E:\THANHTRA\STM32\STM32Cube_IDE\spi_slave_receive\Core\Inc\main.h_save
2025-06-02 10:33:08,326 [INFO] CodeEngine:287 - Generated code: E:\THANHTRA\STM32\STM32Cube_IDE\spi_slave_receive\Core\Inc\main.h
2025-06-02 10:33:08,333 [INFO] CodeEngine:263 - oldGeneratedFile, E:\THANHTRA\STM32\STM32Cube_IDE\spi_slave_receive\Core\Src\main.c_save
2025-06-02 10:33:08,517 [INFO] CodeEngine:287 - Generated code: E:\THANHTRA\STM32\STM32Cube_IDE\spi_slave_receive\Core\Src\main.c
2025-06-02 10:33:09,107 [INFO] ProjectBuilder:3324 - Time for Copy HAL[1] : 308mS.
2025-06-02 10:33:09,111 [INFO] ProjectBuilder:4912 - Project Generator version: 4.6.0.1-B1
2025-06-02 10:33:09,232 [INFO] ConfigFileManager:1590 - The Die is : DIE431
2025-06-02 10:33:09,237 [INFO] ApiDbMcu:508 - Load IP Config File for FATFS
2025-06-02 10:33:09,244 [INFO] ApiDbMcu:508 - Load IP Config File for FREERTOS
2025-06-02 10:33:09,248 [INFO] ApiDbMcu:508 - Load IP Config File for LIBJPEG
2025-06-02 10:33:09,256 [INFO] ApiDbMcu:508 - Load IP Config File for MBEDTLS
2025-06-02 10:33:09,266 [INFO] ApiDbMcu:508 - Load IP Config File for USB_DEVICE
2025-06-02 10:33:09,271 [INFO] ApiDbMcu:508 - Load IP Config File for USB_HOST
2025-06-02 10:33:10,473 [INFO] ProjectBuilder:5191 - Time for Generating toolchain IDE Files: 1361mS.
2025-06-02 10:33:10,473 [INFO] ProjectBuilder:3181 - Time for Copy CMSIS : 0mS.
2025-06-02 10:33:10,474 [INFO] ProjectBuilder:3181 - Time for Copy CMSIS : 0mS.
