07:35:52 **** Incremental Build of configuration Debug for project SPI ****
make -j12 all 
arm-none-eabi-size  SPI.elf 
   text	   data	    bss	    dec	    hex	filename
   1500	     16	   1600	   3116	    c2c	SPI.elf
Finished building: default.size.stdout
 
07:36:18 **** Incremental Build of configuration Debug for project SPI ****
make -j12 all 
arm-none-eabi-size  SPI.elf 
   text	   data	    bss	    dec	    hex	filename
   1500	     16	   1600	   3116	    c2c	SPI.elf
Finished building: default.size.stdout
 
07:37:24 **** Incremental Build of configuration Debug for project SPI ****
make -j12 all 
arm-none-eabi-size  SPI.elf 
   text	   data	    bss	    dec	    hex	filename
   1500	     16	   1600	   3116	    c2c	SPI.elf
Finished building: default.size.stdout
 
07:38:06 **** Incremental Build of configuration Debug for project SPI ****
make -j12 all 
arm-none-eabi-size  SPI.elf 
   text	   data	    bss	    dec	    hex	filename
   1500	     16	   1600	   3116	    c2c	SPI.elf
Finished building: default.size.stdout
 
